<?xml version="1.0" encoding="UTF-8"?>
<testsuite name="PangramCheckerTest" tests="10" skipped="9" failures="0" errors="0" timestamp="2019-07-02T17:58:18" hostname="LAPTOP-C3P44FS0" time="0.007">
  <properties/>
  <testcase name="recognizesPerfectLowerCasePangram" classname="PangramCheckerTest" time="0.0">
    <skipped/>
  </testcase>
  <testcase name="pangramWithMixedCaseAndPunctuationIsRecognizedAsPangram" classname="PangramCheckerTest" time="0.0">
    <skipped/>
  </testcase>
  <testcase name="pangramWithNumbersIsRecognizedAsPangram" classname="PangramCheckerTest" time="0.0">
    <skipped/>
  </testcase>
  <testcase name="phraseMissingCharacterXIsNotPangram" classname="PangramCheckerTest" time="0.001">
    <skipped/>
  </testcase>
  <testcase name="phraseMissingAnotherCharacterIsNotPangram" classname="PangramCheckerTest" time="0.0">
    <skipped/>
  </testcase>
  <testcase name="pangramWithUnderscoresIsRecognizedAsPangram" classname="PangramCheckerTest" time="0.0">
    <skipped/>
  </testcase>
  <testcase name="upperAndLowerCaseVersionsOfTheSameCharacterShouldNotBeCountedSeparately" classname="PangramCheckerTest" time="0.0">
    <skipped/>
  </testcase>
  <testcase name="pangramWithOnlyLowerCaseLettersIsRecognizedAsPangram" classname="PangramCheckerTest" time="0.0">
    <skipped/>
  </testcase>
  <testcase name="phraseWithMissingLettersReplacedByNumbersIsNotPangram" classname="PangramCheckerTest" time="0.0">
    <skipped/>
  </testcase>
  <testcase name="emptySentenceIsNotPangram" classname="PangramCheckerTest" time="0.002"/>
  <system-out><![CDATA[]]></system-out>
  <system-err><![CDATA[]]></system-err>
</testsuite>
