<?xml version="1.0" encoding="UTF-8"?>
<testsuite name="SpaceAgeTest" tests="8" skipped="7" failures="0" errors="0" timestamp="2019-07-09T08:22:20" hostname="LAPTOP-C3P44FS0" time="0.033">
  <properties/>
  <testcase name="ageOnSaturn" classname="SpaceAgeTest" time="0.0">
    <skipped/>
  </testcase>
  <testcase name="ageOnUranus" classname="SpaceAgeTest" time="0.0">
    <skipped/>
  </testcase>
  <testcase name="ageOnJupiter" classname="SpaceAgeTest" time="0.0">
    <skipped/>
  </testcase>
  <testcase name="ageOnMercury" classname="SpaceAgeTest" time="0.0">
    <skipped/>
  </testcase>
  <testcase name="ageOnEarth" classname="SpaceAgeTest" time="0.026"/>
  <testcase name="ageOnVenus" classname="SpaceAgeTest" time="0.0">
    <skipped/>
  </testcase>
  <testcase name="ageOnMars" classname="SpaceAgeTest" time="0.0">
    <skipped/>
  </testcase>
  <testcase name="ageOnNeptune" classname="SpaceAgeTest" time="0.001">
    <skipped/>
  </testcase>
  <system-out><![CDATA[]]></system-out>
  <system-err><![CDATA[]]></system-err>
</testsuite>
